Added Component: Designator=JP12(SJ_3 2MM Pitch)
Add component. Clean all parameters for all variants
Added Pin To Net: NetName=VCC_5V Pin=JP12-2
Added Pin To Net: NetName=GND Pin=JP12-3
Added Member To Class: ClassName=DiAoPu Member=Component C1 100uF
Added Member To Class: ClassName=DiAoPu Member=Component D1 Schottky barrier diode in DO214AC, e.g. Fairchild SS14.
Added Member To Class: ClassName=DiAoPu Member=Component D2 DIODE-Bi?Directional TVS
Added Member To Class: ClassName=DiAoPu Member=Component J1 SM08B-GHS-TB(LF)(SN)
Added Member To Class: ClassName=DiAoPu Member=Component JP1 AIL Left
Added Member To Class: ClassName=DiAoPu Member=Component JP2 ELE Left
Added Member To Class: ClassName=DiAoPu Member=Component JP3 THR
Added Member To Class: ClassName=DiAoPu Member=Component JP4 RUD
Added Member To Class: ClassName=DiAoPu Member=Component JP5 Parachute
Added Member To Class: ClassName=DiAoPu Member=Component JP6 5V Input
Added Member To Class: ClassName=DiAoPu Member=Component JP7 Camera Shutter
Added Member To Class: ClassName=DiAoPu Member=Component JP8 AIL Right
Added Member To Class: ClassName=DiAoPu Member=Component JP9 ELE Right
Added Member To Class: ClassName=DiAoPu Member=Component JP10 AUX2
Added Member To Class: ClassName=DiAoPu Member=Component JP11 CH8
Added Member To Class: ClassName=DiAoPu Member=Component JP12 SBUS
Added Member To Class: ClassName=DiAoPu Member=Component LED1 <b>LEDs</b>
Standard schematic elements and footprints for 5mm, 3mm, 1206, and 0603 sized LEDs. 5mm - Spark Fun Electronics SKU : COM-00529 (and others)
Added Member To Class: ClassName=DiAoPu Member=Component R1 <b>Resistor</b>
Basic schematic elements and footprints for 0603, 1206, and PTH 1/10th watt (small) resistors.
Added Member To Class: ClassName=DiAoPu Member=Component R3 0R
Added Member To Class: ClassName=DiAoPu Member=Component R4 0R
Added Member To Class: ClassName=DiAoPu Member=Component SSR1 TLP3123(F)
